C51 COMPILER V9.60.7.0   MIAN                                                              09/17/2023 18:25:20 PAGE 1   


C51 COMPILER V9.60.7.0, COMPILATION OF MODULE MIAN
OBJECT MODULE PLACED IN .\Objects\mian.obj
COMPILER INVOKED BY: D:\software\keil5\C51\BIN\C51.EXE mian.c OPTIMIZE(8,SPEED) BROWSE DEBUG OBJECTEXTEND PRINT(.\Listin
                    -gs\mian.lst) TABS(2) OBJECT(.\Objects\mian.obj)

line level    source

   1          #include <REGX52.H>
   2          #include <INTRINS.H>
   3          #include "Delay.h"  //??Delay???
   4          #include "Nixie.h"  //????????
   5          
   6          void main()
   7          {
   8   1        while(1)
   9   1        {
  10   2          Nixie(1,1); //??????1????1
  11   2          Nixie(2,2); //??????2????2
  12   2          Nixie(3,3); //??????3????3
  13   2          Nixie(4,4); //??????4????4
  14   2          Nixie(5,5); //??????5????5
  15   2          Nixie(6,6); //??????6????6
  16   2        }
  17   1      }
  18          
  19          
  20          /* -------------------------------------------
  21          //??????
  22          unsigned char NixieTable[]={0x3F,0x06,0x5B,0x4F,0x66,0x6D,0x7D,0x07,0x7F,0x6F};
  23          
  24          //????????
  25          void Nixie(unsigned char Location,Number)
  26          {
  27            switch(Location)    //????
  28            {
  29              case 1:P2_4=1;P2_3=1;P2_2=1;break;
  30              case 2:P2_4=1;P2_3=1;P2_2=0;break;
  31              case 3:P2_4=1;P2_3=0;P2_2=1;break;
  32              case 4:P2_4=1;P2_3=0;P2_2=0;break;
  33              case 5:P2_4=0;P2_3=1;P2_2=1;break;
  34              case 6:P2_4=0;P2_3=1;P2_2=0;break;
  35              case 7:P2_4=0;P2_3=0;P2_2=1;break;
  36              case 8:P2_4=0;P2_3=0;P2_2=0;break;
  37            }
  38            P0=NixieTable[Number];  //????
  39          }
  40          
  41          void main()
  42          {
  43            Nixie(2,3); //??????2????3
  44            while(1)
  45            {
  46              
  47            }
  48          }
  49          */
  50          
  51          
  52          /*--------------------------------
  53          void Delay(unsigned int xms);
  54          
C51 COMPILER V9.60.7.0   MIAN                                                              09/17/2023 18:25:20 PAGE 2   

  55          unsigned char LEDNum;
  56          
  57          void main()
  58          {
  59            P2=~0x01;       //????LED1??
  60            while(1)
  61            {
  62              if(P3_1==0)     //??K1????
  63              {
  64                Delay(20);
  65                while(P3_1==0);
  66                Delay(20);
  67                
  68                LEDNum++;   //LEDNum??
  69                if(LEDNum>=8) //??LEDNum????
  70                  LEDNum=0;
  71                P2=~(0x01<<LEDNum); //LED??LEDNum???
  72              }
  73              if(P3_0==0)     //??K2????
  74              {
  75                Delay(20);
  76                while(P3_0==0);
  77                Delay(20);
  78                
  79                if(LEDNum==0) //LEDNum??0???7
  80                  LEDNum=7;
  81                else      //LEDNum???0,??
  82                  LEDNum--;
  83                P2=~(0x01<<LEDNum); //LED??LEDNum???
  84              }
  85            }
  86          }
  87          
  88          void Delay(unsigned int xms)
  89          {
  90            unsigned char i, j;
  91            while(xms--)
  92            {
  93              i = 2;
  94              j = 199;
  95              do
  96              {
  97                while (--j);
  98              } while (--i);
  99            }
 100          }
 101          */
 102          
 103          /* -------------------------------------------
 104          void Delay(unsigned int xms)
 105          {
 106            unsigned char i, j;
 107            while(xms)
 108            {
 109              i = 2;
 110              j = 199;
 111              do
 112              {
 113                while (--j);
 114              } while (--i);
 115              xms--;
 116            }
C51 COMPILER V9.60.7.0   MIAN                                                              09/17/2023 18:25:20 PAGE 3   

 117          }
 118          
 119          void main()
 120          {
 121            while(1)
 122            {
 123              if(P3_1==0)     //??K1????
 124              {
 125                Delay(20);    //????
 126                while(P3_1==0); //????
 127                Delay(20);    //????
 128                
 129                P2_0=~P2_0;   //LED1??
 130              }
 131            }
 132          }
 133          */
 134          
 135          //--------------------------------
 136          /*
 137          void main()
 138          {
 139            
 140          
 141            
 142            while(1){
 143              
 144              if(P3_1==0||P3_0==0){
 145              P2_0=0;  
 146                  
 147              }
 148              else{
 149                P2_0=1;
 150              
 151              
 152            
 153                }
 154              
 155              }
 156          
 157          }
 158          */
 159          
 160          
 161          /*LED-----------------------------------*/
 162          /*
 163          void Delay1ms(unsigned int msNum);
 164          
 165          void main()
 166          {
 167          
 168            unsigned int msNum1=50;
 169            
 170            while(1){
 171              P2=0xFE; //1111 1110
 172              Delay1ms(msNum1);
 173              P2=0xFD; //1111 1101
 174              Delay1ms(msNum1);
 175              P2=0xFB; //1111 1011
 176              Delay1ms(msNum1);
 177              P2=0xF7; //1111 0111
 178              Delay1ms(msNum1);
C51 COMPILER V9.60.7.0   MIAN                                                              09/17/2023 18:25:20 PAGE 4   

 179              P2=0xEF; //1110 1111
 180              Delay1ms(msNum1);
 181              P2=0xDF; //1101 1111
 182              Delay1ms(msNum1);
 183              P2=0xBF; //1011 1111
 184              Delay1ms(msNum1);
 185              P2=0x7F; //0111 1111
 186              Delay1ms(msNum1);
 187            }
 188          
 189          }
 190          
 191          
 192          
 193          void Delay1ms(unsigned int msNum)   //@11.0592MHz
 194          {
 195            unsigned char i, j;
 196            
 197            while(msNum){
 198              
 199              _nop_();
 200            i = 2;
 201            j = 199;
 202            do
 203            {
 204              while (--j);
 205            } while (--i);
 206            
 207            msNum--;
 208          
 209              
 210            }
 211          
 212          }
 213          */
 214          


MODULE INFORMATION:   STATIC OVERLAYABLE
   CODE SIZE        =     56    ----
   CONSTANT SIZE    =   ----    ----
   XDATA SIZE       =   ----    ----
   PDATA SIZE       =   ----    ----
   DATA SIZE        =   ----    ----
   IDATA SIZE       =   ----    ----
   BIT SIZE         =   ----    ----
END OF MODULE INFORMATION.


C51 COMPILATION COMPLETE.  0 WARNING(S),  0 ERROR(S)
