C51 COMPILER V9.60.7.0   UART                                                              09/17/2023 23:32:07 PAGE 1   


C51 COMPILER V9.60.7.0, COMPILATION OF MODULE UART
OBJECT MODULE PLACED IN .\Objects\UART.obj
COMPILER INVOKED BY: D:\software\keil5\C51\BIN\C51.EXE UART.c OPTIMIZE(8,SPEED) BROWSE DEBUG OBJECTEXTEND PRINT(.\Listin
                    -gs\UART.lst) TABS(2) OBJECT(.\Objects\UART.obj)

line level    source

   1          #include <REGX52.H>
   2          
   3          /**
   4            * @brief  ?????,4800bps@12.000MHz
   5            * @param  ?
   6            * @retval ?
   7            */
   8          void UART_Init()
   9          {
  10   1        SCON=0x40;
  11   1        PCON |= 0x80;
  12   1        TMOD &= 0x0F;   //???????
  13   1        TMOD |= 0x20;   //???????
  14   1        TL1 = 0xF3;   //??????
  15   1        TH1 = 0xF3;   //????????
  16   1        ET1 = 0;    //?????1??
  17   1        TR1 = 1;    //?????1
  18   1      }
  19          
  20          /**
  21            * @brief  ??????????
  22            * @param  Byte ??????????
  23            * @retval ?
  24            */
  25          void UART_SendByte(unsigned char Byte)
  26          {
  27   1        SBUF=Byte;
  28   1        while(TI==0);
  29   1        TI=0;
  30   1      }


MODULE INFORMATION:   STATIC OVERLAYABLE
   CODE SIZE        =     31    ----
   CONSTANT SIZE    =   ----    ----
   XDATA SIZE       =   ----    ----
   PDATA SIZE       =   ----    ----
   DATA SIZE        =   ----    ----
   IDATA SIZE       =   ----    ----
   BIT SIZE         =   ----    ----
END OF MODULE INFORMATION.


C51 COMPILATION COMPLETE.  0 WARNING(S),  0 ERROR(S)
