C51 COMPILER V9.60.7.0   MAIN                                                              09/17/2023 18:42:53 PAGE 1   


C51 COMPILER V9.60.7.0, COMPILATION OF MODULE MAIN
OBJECT MODULE PLACED IN .\Objects\main.obj
COMPILER INVOKED BY: D:\software\keil5\C51\BIN\C51.EXE main.c OPTIMIZE(8,SPEED) BROWSE DEBUG OBJECTEXTEND PRINT(.\Listin
                    -gs\main.lst) TABS(2) OBJECT(.\Objects\main.obj)

line level    source

   1          #include <REGX52.H>
   2          #include "LCD1602.h"  
   3          #include "Delay.h"    
   4          
   5          int Result=0;
   6          
   7          void main()
   8          {
   9   1        LCD_Init();
  10   1        //LCD_ShowString(1,3,"Hello");
  11   1        
  12   1        while(1)
  13   1        {
  14   2              Result++;         //Result??
  15   2          Delay(1000);        //??1?
  16   2          LCD_ShowNum(1,1,Result,3);  //?LCD?1?1???Result,???3?
  17   2      
  18   2        }
  19   1      }


MODULE INFORMATION:   STATIC OVERLAYABLE
   CODE SIZE        =     34    ----
   CONSTANT SIZE    =   ----    ----
   XDATA SIZE       =   ----    ----
   PDATA SIZE       =   ----    ----
   DATA SIZE        =      2    ----
   IDATA SIZE       =   ----    ----
   BIT SIZE         =   ----    ----
END OF MODULE INFORMATION.


C51 COMPILATION COMPLETE.  0 WARNING(S),  0 ERROR(S)
